<?xml version="1.0" encoding="utf-8"?><testsuites name="pytest tests"><testsuite name="pytest" errors="0" failures="0" skipped="2" tests="3" time="2.466" timestamp="2025-12-22T17:33:43.037887+00:00" hostname="github-actions.vm.mmb.pcb.ub.es"><testcase classname="biobb_template.test.unitests.test_template.test_template.TestTemplate" name="test_template" time="1.869" /><testcase classname="biobb_template.test.unitests.test_template.test_template_container.TestTemplateDocker" name="test_template_docker" time="0.001"><skipped type="pytest.skip" message="skip containers when testing">/home/gbayarri/actions-runner-bioexcel/_work/biobb_template/biobb_template/biobb_template/test/unitests/test_template/test_template_container.py:15: skip containers when testing</skipped></testcase><testcase classname="biobb_template.test.unitests.test_template.test_template_container.TestTemplateSingularity" name="test_template_singularity" time="0.001"><skipped type="pytest.skip" message="skip containers when testing">/home/gbayarri/actions-runner-bioexcel/_work/biobb_template/biobb_template/biobb_template/test/unitests/test_template/test_template_container.py:31: skip containers when testing</skipped></testcase></testsuite></testsuites>